2026-05-15 14:40:38,205 INFO [utils.logger_util] [request_util.py (post:53)] - 准备开始发起 post 请求, url: login
2026-05-15 14:40:38,206 INFO [utils.logger_util] [request_util.py (post:54)] - 接口信息: {'json': {'username': 'zhangsan', 'password': '123459'}}
2026-05-15 14:40:38,456 INFO [utils.logger_util] [request_util.py (post:60)] - 接口响应状态码: 200
2026-05-15 14:40:38,457 INFO [utils.logger_util] [request_util.py (post:61)] - 接口响应内容: {"msg":"用户不存在/密码错误","code":500}
2026-05-15 14:40:38,475 INFO [utils.logger_util] [request_util.py (post:53)] - 准备开始发起 post 请求, url: login
2026-05-15 14:40:38,475 INFO [utils.logger_util] [request_util.py (post:53)] - 准备开始发起 post 请求, url: login
2026-05-15 14:40:38,476 INFO [utils.logger_util] [request_util.py (post:54)] - 接口信息: {'json': {'username': 'lisi', 'password': 'admin12311'}}
2026-05-15 14:40:38,476 INFO [utils.logger_util] [request_util.py (post:54)] - 接口信息: {'json': {'username': 'lisi', 'password': 'admin12311'}}
2026-05-15 14:40:38,554 INFO [utils.logger_util] [request_util.py (post:60)] - 接口响应状态码: 200
2026-05-15 14:40:38,554 INFO [utils.logger_util] [request_util.py (post:60)] - 接口响应状态码: 200
2026-05-15 14:40:38,555 INFO [utils.logger_util] [request_util.py (post:61)] - 接口响应内容: {"msg":"登录用户：lisi 不存在","code":500}
2026-05-15 14:40:38,555 INFO [utils.logger_util] [request_util.py (post:61)] - 接口响应内容: {"msg":"登录用户：lisi 不存在","code":500}
2026-05-15 14:40:38,561 INFO [utils.logger_util] [request_util.py (post:53)] - 准备开始发起 post 请求, url: login
2026-05-15 14:40:38,561 INFO [utils.logger_util] [request_util.py (post:53)] - 准备开始发起 post 请求, url: login
2026-05-15 14:40:38,561 INFO [utils.logger_util] [request_util.py (post:53)] - 准备开始发起 post 请求, url: login
2026-05-15 14:40:38,561 INFO [utils.logger_util] [request_util.py (post:54)] - 接口信息: {'json': {'username': 'admin', 'password': 'adm222in123'}}
2026-05-15 14:40:38,561 INFO [utils.logger_util] [request_util.py (post:54)] - 接口信息: {'json': {'username': 'admin', 'password': 'adm222in123'}}
2026-05-15 14:40:38,561 INFO [utils.logger_util] [request_util.py (post:54)] - 接口信息: {'json': {'username': 'admin', 'password': 'adm222in123'}}
2026-05-15 14:40:38,711 INFO [utils.logger_util] [request_util.py (post:60)] - 接口响应状态码: 200
2026-05-15 14:40:38,711 INFO [utils.logger_util] [request_util.py (post:60)] - 接口响应状态码: 200
2026-05-15 14:40:38,711 INFO [utils.logger_util] [request_util.py (post:60)] - 接口响应状态码: 200
2026-05-15 14:40:38,712 INFO [utils.logger_util] [request_util.py (post:61)] - 接口响应内容: {"msg":"用户不存在/密码错误","code":500}
2026-05-15 14:40:38,712 INFO [utils.logger_util] [request_util.py (post:61)] - 接口响应内容: {"msg":"用户不存在/密码错误","code":500}
2026-05-15 14:40:38,712 INFO [utils.logger_util] [request_util.py (post:61)] - 接口响应内容: {"msg":"用户不存在/密码错误","code":500}
2026-05-15 14:40:38,719 INFO [utils.logger_util] [request_util.py (post:53)] - 准备开始发起 post 请求, url: login
2026-05-15 14:40:38,719 INFO [utils.logger_util] [request_util.py (post:53)] - 准备开始发起 post 请求, url: login
2026-05-15 14:40:38,719 INFO [utils.logger_util] [request_util.py (post:53)] - 准备开始发起 post 请求, url: login
2026-05-15 14:40:38,719 INFO [utils.logger_util] [request_util.py (post:53)] - 准备开始发起 post 请求, url: login
2026-05-15 14:40:38,720 INFO [utils.logger_util] [request_util.py (post:54)] - 接口信息: {'json': {'username': 'admin', 'password': 'admin123'}}
2026-05-15 14:40:38,720 INFO [utils.logger_util] [request_util.py (post:54)] - 接口信息: {'json': {'username': 'admin', 'password': 'admin123'}}
2026-05-15 14:40:38,720 INFO [utils.logger_util] [request_util.py (post:54)] - 接口信息: {'json': {'username': 'admin', 'password': 'admin123'}}
2026-05-15 14:40:38,720 INFO [utils.logger_util] [request_util.py (post:54)] - 接口信息: {'json': {'username': 'admin', 'password': 'admin123'}}
2026-05-15 14:40:38,884 INFO [utils.logger_util] [request_util.py (post:60)] - 接口响应状态码: 200
2026-05-15 14:40:38,884 INFO [utils.logger_util] [request_util.py (post:60)] - 接口响应状态码: 200
2026-05-15 14:40:38,884 INFO [utils.logger_util] [request_util.py (post:60)] - 接口响应状态码: 200
2026-05-15 14:40:38,884 INFO [utils.logger_util] [request_util.py (post:60)] - 接口响应状态码: 200
2026-05-15 14:40:38,884 INFO [utils.logger_util] [request_util.py (post:61)] - 接口响应内容: {"msg":"操作成功","code":200,"token":"eyJhbGciOiJIUzUxMiJ9.eyJsb2dpbl91c2VyX2tleSI6ImU3MDQ3YmVkLWM1YzItNGJlMS1hZGE0LWRhZDBkZjM3ZDI2ZiJ9.vCi3wFbaoXWcOlpRGQ6lWhI0eTPUe0MkI4qlXRS6f-kzwPnr7U9nlLZ5dVnY6LWvFC3ikpEX5xfRfBkRbxXLBw"}
2026-05-15 14:40:38,884 INFO [utils.logger_util] [request_util.py (post:61)] - 接口响应内容: {"msg":"操作成功","code":200,"token":"eyJhbGciOiJIUzUxMiJ9.eyJsb2dpbl91c2VyX2tleSI6ImU3MDQ3YmVkLWM1YzItNGJlMS1hZGE0LWRhZDBkZjM3ZDI2ZiJ9.vCi3wFbaoXWcOlpRGQ6lWhI0eTPUe0MkI4qlXRS6f-kzwPnr7U9nlLZ5dVnY6LWvFC3ikpEX5xfRfBkRbxXLBw"}
2026-05-15 14:40:38,884 INFO [utils.logger_util] [request_util.py (post:61)] - 接口响应内容: {"msg":"操作成功","code":200,"token":"eyJhbGciOiJIUzUxMiJ9.eyJsb2dpbl91c2VyX2tleSI6ImU3MDQ3YmVkLWM1YzItNGJlMS1hZGE0LWRhZDBkZjM3ZDI2ZiJ9.vCi3wFbaoXWcOlpRGQ6lWhI0eTPUe0MkI4qlXRS6f-kzwPnr7U9nlLZ5dVnY6LWvFC3ikpEX5xfRfBkRbxXLBw"}
2026-05-15 14:40:38,884 INFO [utils.logger_util] [request_util.py (post:61)] - 接口响应内容: {"msg":"操作成功","code":200,"token":"eyJhbGciOiJIUzUxMiJ9.eyJsb2dpbl91c2VyX2tleSI6ImU3MDQ3YmVkLWM1YzItNGJlMS1hZGE0LWRhZDBkZjM3ZDI2ZiJ9.vCi3wFbaoXWcOlpRGQ6lWhI0eTPUe0MkI4qlXRS6f-kzwPnr7U9nlLZ5dVnY6LWvFC3ikpEX5xfRfBkRbxXLBw"}
2026-05-15 14:40:38,891 INFO [utils.logger_util] [request_util.py (get:34)] - 准备发起 get 请求, url: mes/md/workstation/list
2026-05-15 14:40:38,891 INFO [utils.logger_util] [request_util.py (get:34)] - 准备发起 get 请求, url: mes/md/workstation/list
2026-05-15 14:40:38,891 INFO [utils.logger_util] [request_util.py (get:34)] - 准备发起 get 请求, url: mes/md/workstation/list
2026-05-15 14:40:38,891 INFO [utils.logger_util] [request_util.py (get:34)] - 准备发起 get 请求, url: mes/md/workstation/list
2026-05-15 14:40:38,891 INFO [utils.logger_util] [request_util.py (get:34)] - 准备发起 get 请求, url: mes/md/workstation/list
2026-05-15 14:40:38,891 INFO [utils.logger_util] [request_util.py (get:34)] - 准备发起 get 请求, url: mes/md/workstation/list
2026-05-15 14:40:38,891 INFO [utils.logger_util] [request_util.py (get:35)] - 接口信息: {'params': {'pageNum': 1, 'pageSize': 10, 'workstationName': 'hhh'}}
2026-05-15 14:40:38,891 INFO [utils.logger_util] [request_util.py (get:35)] - 接口信息: {'params': {'pageNum': 1, 'pageSize': 10, 'workstationName': 'hhh'}}
2026-05-15 14:40:38,891 INFO [utils.logger_util] [request_util.py (get:35)] - 接口信息: {'params': {'pageNum': 1, 'pageSize': 10, 'workstationName': 'hhh'}}
2026-05-15 14:40:38,891 INFO [utils.logger_util] [request_util.py (get:35)] - 接口信息: {'params': {'pageNum': 1, 'pageSize': 10, 'workstationName': 'hhh'}}
2026-05-15 14:40:38,891 INFO [utils.logger_util] [request_util.py (get:35)] - 接口信息: {'params': {'pageNum': 1, 'pageSize': 10, 'workstationName': 'hhh'}}
2026-05-15 14:40:38,891 INFO [utils.logger_util] [request_util.py (get:35)] - 接口信息: {'params': {'pageNum': 1, 'pageSize': 10, 'workstationName': 'hhh'}}
2026-05-15 14:40:38,965 INFO [utils.logger_util] [request_util.py (get:41)] - 接口响应状态码: 200
2026-05-15 14:40:38,965 INFO [utils.logger_util] [request_util.py (get:41)] - 接口响应状态码: 200
2026-05-15 14:40:38,965 INFO [utils.logger_util] [request_util.py (get:41)] - 接口响应状态码: 200
2026-05-15 14:40:38,965 INFO [utils.logger_util] [request_util.py (get:41)] - 接口响应状态码: 200
2026-05-15 14:40:38,965 INFO [utils.logger_util] [request_util.py (get:41)] - 接口响应状态码: 200
2026-05-15 14:40:38,965 INFO [utils.logger_util] [request_util.py (get:41)] - 接口响应状态码: 200
2026-05-15 14:40:38,965 INFO [utils.logger_util] [request_util.py (get:42)] - 接口响应内容: {"msg":"请求访问：/mes/md/workstation/list，认证失败，无法访问系统资源","code":401}
2026-05-15 14:40:38,965 INFO [utils.logger_util] [request_util.py (get:42)] - 接口响应内容: {"msg":"请求访问：/mes/md/workstation/list，认证失败，无法访问系统资源","code":401}
2026-05-15 14:40:38,965 INFO [utils.logger_util] [request_util.py (get:42)] - 接口响应内容: {"msg":"请求访问：/mes/md/workstation/list，认证失败，无法访问系统资源","code":401}
2026-05-15 14:40:38,965 INFO [utils.logger_util] [request_util.py (get:42)] - 接口响应内容: {"msg":"请求访问：/mes/md/workstation/list，认证失败，无法访问系统资源","code":401}
2026-05-15 14:40:38,965 INFO [utils.logger_util] [request_util.py (get:42)] - 接口响应内容: {"msg":"请求访问：/mes/md/workstation/list，认证失败，无法访问系统资源","code":401}
2026-05-15 14:40:38,965 INFO [utils.logger_util] [request_util.py (get:42)] - 接口响应内容: {"msg":"请求访问：/mes/md/workstation/list，认证失败，无法访问系统资源","code":401}
2026-05-15 14:40:38,979 INFO [utils.logger_util] [request_util.py (get:34)] - 准备发起 get 请求, url: mes/md/workstation/list
2026-05-15 14:40:38,979 INFO [utils.logger_util] [request_util.py (get:34)] - 准备发起 get 请求, url: mes/md/workstation/list
2026-05-15 14:40:38,979 INFO [utils.logger_util] [request_util.py (get:34)] - 准备发起 get 请求, url: mes/md/workstation/list
2026-05-15 14:40:38,979 INFO [utils.logger_util] [request_util.py (get:34)] - 准备发起 get 请求, url: mes/md/workstation/list
2026-05-15 14:40:38,979 INFO [utils.logger_util] [request_util.py (get:34)] - 准备发起 get 请求, url: mes/md/workstation/list
2026-05-15 14:40:38,979 INFO [utils.logger_util] [request_util.py (get:34)] - 准备发起 get 请求, url: mes/md/workstation/list
2026-05-15 14:40:38,979 INFO [utils.logger_util] [request_util.py (get:34)] - 准备发起 get 请求, url: mes/md/workstation/list
2026-05-15 14:40:38,979 INFO [utils.logger_util] [request_util.py (get:35)] - 接口信息: {'params': {'pageNum': 1, 'pageSize': 10, 'workstationName': 'hhh'}, 'headers': {'Authorization': 'Bearer eyJhbGciOiJIUzUxMiJ9.eyJsb2dpbl91c2VyX2tleSI6ImU3MDQ3YmVkLWM1YzItNGJlMS1hZGE0LWRhZDBkZjM3ZDI2ZiJ9.vCi3wFbaoXWcOlpRGQ6lWhI0eTPUe0MkI4qlXRS6f-kzwPnr7U9nlLZ5dVnY6LWvFC3ikpEX5xfRfBkRbxXLBw'}}
2026-05-15 14:40:38,979 INFO [utils.logger_util] [request_util.py (get:35)] - 接口信息: {'params': {'pageNum': 1, 'pageSize': 10, 'workstationName': 'hhh'}, 'headers': {'Authorization': 'Bearer eyJhbGciOiJIUzUxMiJ9.eyJsb2dpbl91c2VyX2tleSI6ImU3MDQ3YmVkLWM1YzItNGJlMS1hZGE0LWRhZDBkZjM3ZDI2ZiJ9.vCi3wFbaoXWcOlpRGQ6lWhI0eTPUe0MkI4qlXRS6f-kzwPnr7U9nlLZ5dVnY6LWvFC3ikpEX5xfRfBkRbxXLBw'}}
2026-05-15 14:40:38,979 INFO [utils.logger_util] [request_util.py (get:35)] - 接口信息: {'params': {'pageNum': 1, 'pageSize': 10, 'workstationName': 'hhh'}, 'headers': {'Authorization': 'Bearer eyJhbGciOiJIUzUxMiJ9.eyJsb2dpbl91c2VyX2tleSI6ImU3MDQ3YmVkLWM1YzItNGJlMS1hZGE0LWRhZDBkZjM3ZDI2ZiJ9.vCi3wFbaoXWcOlpRGQ6lWhI0eTPUe0MkI4qlXRS6f-kzwPnr7U9nlLZ5dVnY6LWvFC3ikpEX5xfRfBkRbxXLBw'}}
2026-05-15 14:40:38,979 INFO [utils.logger_util] [request_util.py (get:35)] - 接口信息: {'params': {'pageNum': 1, 'pageSize': 10, 'workstationName': 'hhh'}, 'headers': {'Authorization': 'Bearer eyJhbGciOiJIUzUxMiJ9.eyJsb2dpbl91c2VyX2tleSI6ImU3MDQ3YmVkLWM1YzItNGJlMS1hZGE0LWRhZDBkZjM3ZDI2ZiJ9.vCi3wFbaoXWcOlpRGQ6lWhI0eTPUe0MkI4qlXRS6f-kzwPnr7U9nlLZ5dVnY6LWvFC3ikpEX5xfRfBkRbxXLBw'}}
2026-05-15 14:40:38,979 INFO [utils.logger_util] [request_util.py (get:35)] - 接口信息: {'params': {'pageNum': 1, 'pageSize': 10, 'workstationName': 'hhh'}, 'headers': {'Authorization': 'Bearer eyJhbGciOiJIUzUxMiJ9.eyJsb2dpbl91c2VyX2tleSI6ImU3MDQ3YmVkLWM1YzItNGJlMS1hZGE0LWRhZDBkZjM3ZDI2ZiJ9.vCi3wFbaoXWcOlpRGQ6lWhI0eTPUe0MkI4qlXRS6f-kzwPnr7U9nlLZ5dVnY6LWvFC3ikpEX5xfRfBkRbxXLBw'}}
2026-05-15 14:40:38,979 INFO [utils.logger_util] [request_util.py (get:35)] - 接口信息: {'params': {'pageNum': 1, 'pageSize': 10, 'workstationName': 'hhh'}, 'headers': {'Authorization': 'Bearer eyJhbGciOiJIUzUxMiJ9.eyJsb2dpbl91c2VyX2tleSI6ImU3MDQ3YmVkLWM1YzItNGJlMS1hZGE0LWRhZDBkZjM3ZDI2ZiJ9.vCi3wFbaoXWcOlpRGQ6lWhI0eTPUe0MkI4qlXRS6f-kzwPnr7U9nlLZ5dVnY6LWvFC3ikpEX5xfRfBkRbxXLBw'}}
2026-05-15 14:40:38,979 INFO [utils.logger_util] [request_util.py (get:35)] - 接口信息: {'params': {'pageNum': 1, 'pageSize': 10, 'workstationName': 'hhh'}, 'headers': {'Authorization': 'Bearer eyJhbGciOiJIUzUxMiJ9.eyJsb2dpbl91c2VyX2tleSI6ImU3MDQ3YmVkLWM1YzItNGJlMS1hZGE0LWRhZDBkZjM3ZDI2ZiJ9.vCi3wFbaoXWcOlpRGQ6lWhI0eTPUe0MkI4qlXRS6f-kzwPnr7U9nlLZ5dVnY6LWvFC3ikpEX5xfRfBkRbxXLBw'}}
2026-05-15 14:40:39,052 INFO [utils.logger_util] [request_util.py (get:41)] - 接口响应状态码: 200
2026-05-15 14:40:39,052 INFO [utils.logger_util] [request_util.py (get:41)] - 接口响应状态码: 200
2026-05-15 14:40:39,052 INFO [utils.logger_util] [request_util.py (get:41)] - 接口响应状态码: 200
2026-05-15 14:40:39,052 INFO [utils.logger_util] [request_util.py (get:41)] - 接口响应状态码: 200
2026-05-15 14:40:39,052 INFO [utils.logger_util] [request_util.py (get:41)] - 接口响应状态码: 200
2026-05-15 14:40:39,052 INFO [utils.logger_util] [request_util.py (get:41)] - 接口响应状态码: 200
2026-05-15 14:40:39,052 INFO [utils.logger_util] [request_util.py (get:41)] - 接口响应状态码: 200
2026-05-15 14:40:39,053 INFO [utils.logger_util] [request_util.py (get:42)] - 接口响应内容: {"total":0,"rows":[],"code":200,"msg":"查询成功"}
2026-05-15 14:40:39,053 INFO [utils.logger_util] [request_util.py (get:42)] - 接口响应内容: {"total":0,"rows":[],"code":200,"msg":"查询成功"}
2026-05-15 14:40:39,053 INFO [utils.logger_util] [request_util.py (get:42)] - 接口响应内容: {"total":0,"rows":[],"code":200,"msg":"查询成功"}
2026-05-15 14:40:39,053 INFO [utils.logger_util] [request_util.py (get:42)] - 接口响应内容: {"total":0,"rows":[],"code":200,"msg":"查询成功"}
2026-05-15 14:40:39,053 INFO [utils.logger_util] [request_util.py (get:42)] - 接口响应内容: {"total":0,"rows":[],"code":200,"msg":"查询成功"}
2026-05-15 14:40:39,053 INFO [utils.logger_util] [request_util.py (get:42)] - 接口响应内容: {"total":0,"rows":[],"code":200,"msg":"查询成功"}
2026-05-15 14:40:39,053 INFO [utils.logger_util] [request_util.py (get:42)] - 接口响应内容: {"total":0,"rows":[],"code":200,"msg":"查询成功"}
2026-05-15 14:40:39,069 INFO [utils.logger_util] [request_util.py (post:53)] - 准备开始发起 post 请求, url: mes/md/unitmeasure
2026-05-15 14:40:39,069 INFO [utils.logger_util] [request_util.py (post:53)] - 准备开始发起 post 请求, url: mes/md/unitmeasure
2026-05-15 14:40:39,069 INFO [utils.logger_util] [request_util.py (post:53)] - 准备开始发起 post 请求, url: mes/md/unitmeasure
2026-05-15 14:40:39,069 INFO [utils.logger_util] [request_util.py (post:53)] - 准备开始发起 post 请求, url: mes/md/unitmeasure
2026-05-15 14:40:39,069 INFO [utils.logger_util] [request_util.py (post:53)] - 准备开始发起 post 请求, url: mes/md/unitmeasure
2026-05-15 14:40:39,069 INFO [utils.logger_util] [request_util.py (post:53)] - 准备开始发起 post 请求, url: mes/md/unitmeasure
2026-05-15 14:40:39,069 INFO [utils.logger_util] [request_util.py (post:53)] - 准备开始发起 post 请求, url: mes/md/unitmeasure
2026-05-15 14:40:39,069 INFO [utils.logger_util] [request_util.py (post:53)] - 准备开始发起 post 请求, url: mes/md/unitmeasure
2026-05-15 14:40:39,069 INFO [utils.logger_util] [request_util.py (post:54)] - 接口信息: {'data': {'measureCode': '10012', 'measureName': '个', 'primaryFlag': 'Y', 'changeRate': 0, 'enableFlag': 'N'}}
2026-05-15 14:40:39,069 INFO [utils.logger_util] [request_util.py (post:54)] - 接口信息: {'data': {'measureCode': '10012', 'measureName': '个', 'primaryFlag': 'Y', 'changeRate': 0, 'enableFlag': 'N'}}
2026-05-15 14:40:39,069 INFO [utils.logger_util] [request_util.py (post:54)] - 接口信息: {'data': {'measureCode': '10012', 'measureName': '个', 'primaryFlag': 'Y', 'changeRate': 0, 'enableFlag': 'N'}}
2026-05-15 14:40:39,069 INFO [utils.logger_util] [request_util.py (post:54)] - 接口信息: {'data': {'measureCode': '10012', 'measureName': '个', 'primaryFlag': 'Y', 'changeRate': 0, 'enableFlag': 'N'}}
2026-05-15 14:40:39,069 INFO [utils.logger_util] [request_util.py (post:54)] - 接口信息: {'data': {'measureCode': '10012', 'measureName': '个', 'primaryFlag': 'Y', 'changeRate': 0, 'enableFlag': 'N'}}
2026-05-15 14:40:39,069 INFO [utils.logger_util] [request_util.py (post:54)] - 接口信息: {'data': {'measureCode': '10012', 'measureName': '个', 'primaryFlag': 'Y', 'changeRate': 0, 'enableFlag': 'N'}}
2026-05-15 14:40:39,069 INFO [utils.logger_util] [request_util.py (post:54)] - 接口信息: {'data': {'measureCode': '10012', 'measureName': '个', 'primaryFlag': 'Y', 'changeRate': 0, 'enableFlag': 'N'}}
2026-05-15 14:40:39,069 INFO [utils.logger_util] [request_util.py (post:54)] - 接口信息: {'data': {'measureCode': '10012', 'measureName': '个', 'primaryFlag': 'Y', 'changeRate': 0, 'enableFlag': 'N'}}
2026-05-15 14:40:39,139 INFO [utils.logger_util] [request_util.py (post:60)] - 接口响应状态码: 200
2026-05-15 14:40:39,139 INFO [utils.logger_util] [request_util.py (post:60)] - 接口响应状态码: 200
2026-05-15 14:40:39,139 INFO [utils.logger_util] [request_util.py (post:60)] - 接口响应状态码: 200
2026-05-15 14:40:39,139 INFO [utils.logger_util] [request_util.py (post:60)] - 接口响应状态码: 200
2026-05-15 14:40:39,139 INFO [utils.logger_util] [request_util.py (post:60)] - 接口响应状态码: 200
2026-05-15 14:40:39,139 INFO [utils.logger_util] [request_util.py (post:60)] - 接口响应状态码: 200
2026-05-15 14:40:39,139 INFO [utils.logger_util] [request_util.py (post:60)] - 接口响应状态码: 200
2026-05-15 14:40:39,139 INFO [utils.logger_util] [request_util.py (post:60)] - 接口响应状态码: 200
2026-05-15 14:40:39,140 INFO [utils.logger_util] [request_util.py (post:61)] - 接口响应内容: {"msg":"请求访问：/mes/md/unitmeasure，认证失败，无法访问系统资源","code":401}
2026-05-15 14:40:39,140 INFO [utils.logger_util] [request_util.py (post:61)] - 接口响应内容: {"msg":"请求访问：/mes/md/unitmeasure，认证失败，无法访问系统资源","code":401}
2026-05-15 14:40:39,140 INFO [utils.logger_util] [request_util.py (post:61)] - 接口响应内容: {"msg":"请求访问：/mes/md/unitmeasure，认证失败，无法访问系统资源","code":401}
2026-05-15 14:40:39,140 INFO [utils.logger_util] [request_util.py (post:61)] - 接口响应内容: {"msg":"请求访问：/mes/md/unitmeasure，认证失败，无法访问系统资源","code":401}
2026-05-15 14:40:39,140 INFO [utils.logger_util] [request_util.py (post:61)] - 接口响应内容: {"msg":"请求访问：/mes/md/unitmeasure，认证失败，无法访问系统资源","code":401}
2026-05-15 14:40:39,140 INFO [utils.logger_util] [request_util.py (post:61)] - 接口响应内容: {"msg":"请求访问：/mes/md/unitmeasure，认证失败，无法访问系统资源","code":401}
2026-05-15 14:40:39,140 INFO [utils.logger_util] [request_util.py (post:61)] - 接口响应内容: {"msg":"请求访问：/mes/md/unitmeasure，认证失败，无法访问系统资源","code":401}
2026-05-15 14:40:39,140 INFO [utils.logger_util] [request_util.py (post:61)] - 接口响应内容: {"msg":"请求访问：/mes/md/unitmeasure，认证失败，无法访问系统资源","code":401}
